[ 2015-10-29T22:04:20+08:00 ] 127.0.0.1 /
INFO: [ app_init ] --START--
INFO: Run Behavior\BuildLiteBehavior [ RunTime:0.000000s ]
INFO: [ app_init ] --END-- [ RunTime:0.325018s ]
INFO: [ app_begin ] --START--
INFO: Run Behavior\ReadHtmlCacheBehavior [ RunTime:0.007000s ]
INFO: [ app_begin ] --END-- [ RunTime:0.009000s ]
ERR: SQLSTATE[HY000] [1045] Accès refusé pour l'utilisateur: 'root'@'@localhost' (mot de passe: OUI)

[ 2015-10-29T22:09:46+08:00 ] 127.0.0.1 /
INFO: [ app_init ] --START--
INFO: Run Behavior\BuildLiteBehavior [ RunTime:0.000000s ]
INFO: [ app_init ] --END-- [ RunTime:0.001001s ]
INFO: [ app_begin ] --START--
INFO: Run Behavior\ReadHtmlCacheBehavior [ RunTime:0.002000s ]
INFO: [ app_begin ] --END-- [ RunTime:0.003000s ]
SQL: SHOW COLUMNS FROM `vote_user` [ RunTime:0.0130s ]
SQL: SHOW COLUMNS FROM `vote_user` [ RunTime:0.0110s ]
SQL: SELECT * FROM `vote_user` LIMIT 0,10   [ RunTime:0.0010s ]
INFO: [ view_parse ] --START--
INFO: [ template_filter ] --START--
INFO: Run Behavior\ContentReplaceBehavior [ RunTime:0.001000s ]
INFO: [ template_filter ] --END-- [ RunTime:0.001000s ]
INFO: Run Behavior\ParseTemplateBehavior [ RunTime:0.797046s ]
INFO: [ view_parse ] --END-- [ RunTime:0.799046s ]
INFO: [ view_filter ] --START--
INFO: Run Behavior\WriteHtmlCacheBehavior [ RunTime:0.022001s ]
INFO: [ view_filter ] --END-- [ RunTime:0.023001s ]
INFO: [ app_end ] --START--
INFO: Run Behavior\ShowPageTraceBehavior [ RunTime:0.006001s ]
INFO: [ app_end ] --END-- [ RunTime:0.007001s ]

[ 2015-10-29T22:09:51+08:00 ] 127.0.0.1 /count.html
INFO: [ app_init ] --START--
INFO: Run Behavior\BuildLiteBehavior [ RunTime:0.000000s ]
INFO: [ app_init ] --END-- [ RunTime:0.003000s ]
INFO: [ app_begin ] --START--
INFO: Run Behavior\ReadHtmlCacheBehavior [ RunTime:0.003000s ]
INFO: [ app_begin ] --END-- [ RunTime:0.003000s ]
SQL: SHOW COLUMNS FROM `vote_user` [ RunTime:0.0140s ]
SQL: SHOW COLUMNS FROM `vote_user` [ RunTime:0.0130s ]
SQL: SELECT * FROM `vote_user` ORDER BY vote_count desc LIMIT 0,10   [ RunTime:0.0010s ]
INFO: [ view_parse ] --START--
INFO: [ template_filter ] --START--
INFO: Run Behavior\ContentReplaceBehavior [ RunTime:0.000000s ]
INFO: [ template_filter ] --END-- [ RunTime:0.000000s ]
INFO: Run Behavior\ParseTemplateBehavior [ RunTime:0.257015s ]
INFO: [ view_parse ] --END-- [ RunTime:0.257015s ]
INFO: [ view_filter ] --START--
INFO: Run Behavior\WriteHtmlCacheBehavior [ RunTime:0.086004s ]
INFO: [ view_filter ] --END-- [ RunTime:0.086004s ]
INFO: [ app_end ] --START--
INFO: Run Behavior\ShowPageTraceBehavior [ RunTime:0.004000s ]
INFO: [ app_end ] --END-- [ RunTime:0.004000s ]

[ 2015-10-29T22:09:55+08:00 ] 127.0.0.1 /sex.html
INFO: [ app_init ] --START--
INFO: Run Behavior\BuildLiteBehavior [ RunTime:0.000000s ]
INFO: [ app_init ] --END-- [ RunTime:0.031002s ]
INFO: [ app_begin ] --START--
INFO: Run Behavior\ReadHtmlCacheBehavior [ RunTime:0.212012s ]
INFO: [ app_begin ] --END-- [ RunTime:0.214012s ]
SQL: SHOW COLUMNS FROM `vote_user` [ RunTime:0.0120s ]
SQL: SHOW COLUMNS FROM `vote_user` [ RunTime:0.0120s ]
SQL: SELECT * FROM `vote_user` ORDER BY sex asc LIMIT 0,10   [ RunTime:0.0010s ]
INFO: [ view_parse ] --START--
INFO: [ template_filter ] --START--
INFO: Run Behavior\ContentReplaceBehavior [ RunTime:0.001000s ]
INFO: [ template_filter ] --END-- [ RunTime:0.001000s ]
INFO: Run Behavior\ParseTemplateBehavior [ RunTime:0.425025s ]
INFO: [ view_parse ] --END-- [ RunTime:0.426025s ]
INFO: [ view_filter ] --START--
INFO: Run Behavior\WriteHtmlCacheBehavior [ RunTime:0.018001s ]
INFO: [ view_filter ] --END-- [ RunTime:0.019001s ]
INFO: [ app_end ] --START--
INFO: Run Behavior\ShowPageTraceBehavior [ RunTime:0.002000s ]
INFO: [ app_end ] --END-- [ RunTime:0.003000s ]

[ 2015-10-29T22:10:00+08:00 ] 127.0.0.1 /index
INFO: [ app_init ] --START--
INFO: Run Behavior\BuildLiteBehavior [ RunTime:0.000000s ]
INFO: [ app_init ] --END-- [ RunTime:0.003000s ]
INFO: [ app_begin ] --START--
INFO: Run Behavior\ReadHtmlCacheBehavior [ RunTime:0.003000s ]
INFO: [ app_begin ] --END-- [ RunTime:0.004000s ]
SQL: SHOW COLUMNS FROM `vote_user` [ RunTime:0.0130s ]
SQL: SHOW COLUMNS FROM `vote_user` [ RunTime:0.0150s ]
SQL: SELECT * FROM `vote_user` ORDER BY sex asc LIMIT 10,10   [ RunTime:0.0020s ]
INFO: [ app_end ] --START--
INFO: Run Behavior\ShowPageTraceBehavior [ RunTime:0.020002s ]
INFO: [ app_end ] --END-- [ RunTime:0.020002s ]

[ 2015-10-29T22:10:05+08:00 ] 127.0.0.1 /index
INFO: [ app_init ] --START--
INFO: Run Behavior\BuildLiteBehavior [ RunTime:0.000000s ]
INFO: [ app_init ] --END-- [ RunTime:0.002000s ]
INFO: [ app_begin ] --START--
INFO: Run Behavior\ReadHtmlCacheBehavior [ RunTime:0.002000s ]
INFO: [ app_begin ] --END-- [ RunTime:0.004001s ]
SQL: SHOW COLUMNS FROM `vote_user` [ RunTime:0.0130s ]
SQL: SHOW COLUMNS FROM `vote_user` [ RunTime:0.0130s ]
SQL: SELECT * FROM `vote_user` ORDER BY sex asc LIMIT 20,10   [ RunTime:0.0010s ]
INFO: [ app_end ] --START--
INFO: Run Behavior\ShowPageTraceBehavior [ RunTime:0.040003s ]
INFO: [ app_end ] --END-- [ RunTime:0.040003s ]

[ 2015-10-29T22:10:43+08:00 ] 127.0.0.1 /
INFO: [ app_init ] --START--
INFO: Run Behavior\BuildLiteBehavior [ RunTime:0.000000s ]
INFO: [ app_init ] --END-- [ RunTime:0.099006s ]
INFO: [ app_begin ] --START--
INFO: Run Behavior\ReadHtmlCacheBehavior [ RunTime:0.020001s ]
INFO: [ app_begin ] --END-- [ RunTime:0.021001s ]
SQL: SHOW COLUMNS FROM `vote_user` [ RunTime:0.1530s ]
SQL: SHOW COLUMNS FROM `vote_user` [ RunTime:0.0150s ]
SQL: SELECT * FROM `vote_user` LIMIT 0,10   [ RunTime:0.0010s ]
INFO: [ view_parse ] --START--
INFO: [ template_filter ] --START--
INFO: Run Behavior\ContentReplaceBehavior [ RunTime:0.001000s ]
INFO: [ template_filter ] --END-- [ RunTime:0.001000s ]
INFO: Run Behavior\ParseTemplateBehavior [ RunTime:0.319019s ]
INFO: [ view_parse ] --END-- [ RunTime:0.320019s ]
INFO: [ view_filter ] --START--
INFO: Run Behavior\WriteHtmlCacheBehavior [ RunTime:0.029001s ]
INFO: [ view_filter ] --END-- [ RunTime:0.031001s ]
INFO: [ app_end ] --START--
INFO: Run Behavior\ShowPageTraceBehavior [ RunTime:0.013000s ]
INFO: [ app_end ] --END-- [ RunTime:0.015000s ]

[ 2015-10-29T22:10:58+08:00 ] 127.0.0.1 /alert.html
INFO: [ app_init ] --START--
INFO: Run Behavior\BuildLiteBehavior [ RunTime:0.000000s ]
INFO: [ app_init ] --END-- [ RunTime:0.000000s ]
INFO: [ app_begin ] --START--
INFO: Run Behavior\ReadHtmlCacheBehavior [ RunTime:0.000000s ]
INFO: [ app_begin ] --END-- [ RunTime:0.000000s ]
SQL: SHOW COLUMNS FROM `vote_user` [ RunTime:0.1092s ]
SQL: SHOW COLUMNS FROM `vote_user` [ RunTime:0.0156s ]
SQL: SELECT * FROM `vote_user` LIMIT 0,10   [ RunTime:0.0000s ]
INFO: [ view_parse ] --START--
INFO: [ template_filter ] --START--
INFO: Run Behavior\ContentReplaceBehavior [ RunTime:0.000000s ]
INFO: [ template_filter ] --END-- [ RunTime:0.000000s ]
INFO: Run Behavior\ParseTemplateBehavior [ RunTime:0.312000s ]
INFO: [ view_parse ] --END-- [ RunTime:0.312000s ]
INFO: [ view_filter ] --START--
INFO: Run Behavior\WriteHtmlCacheBehavior [ RunTime:0.000000s ]
INFO: [ view_filter ] --END-- [ RunTime:0.015601s ]
INFO: [ app_end ] --START--
INFO: Run Behavior\ShowPageTraceBehavior [ RunTime:0.000000s ]
INFO: [ app_end ] --END-- [ RunTime:0.000000s ]

[ 2015-10-29T22:16:36+08:00 ] 127.0.0.1 /alert-30-opration-alert.html
INFO: [ app_init ] --START--
INFO: Run Behavior\BuildLiteBehavior [ RunTime:0.000000s ]
INFO: [ app_init ] --END-- [ RunTime:0.001000s ]
INFO: [ app_begin ] --START--
INFO: Run Behavior\ReadHtmlCacheBehavior [ RunTime:0.001000s ]
INFO: [ app_begin ] --END-- [ RunTime:0.002000s ]
SQL: SHOW COLUMNS FROM `vote_user` [ RunTime:0.0090s ]
SQL: SHOW COLUMNS FROM `vote_user` [ RunTime:0.0100s ]
SQL: SELECT * FROM `vote_user` WHERE ( id=30 ) LIMIT 1   [ RunTime:0.0010s ]
INFO: [ view_parse ] --START--
INFO: [ template_filter ] --START--
INFO: Run Behavior\ContentReplaceBehavior [ RunTime:0.001000s ]
INFO: [ template_filter ] --END-- [ RunTime:0.001000s ]
NOTIC: [8] Use of undefined constant alert - assumed 'alert' F:\www\voting\Application\Runtime\Cache\Home\d48c17f75639665d6a877f921d2fdec8.php 第 65 行.
NOTIC: [8] Use of undefined constant alert - assumed 'alert' F:\www\voting\Application\Runtime\Cache\Home\d48c17f75639665d6a877f921d2fdec8.php 第 80 行.
INFO: Run Behavior\ParseTemplateBehavior [ RunTime:0.136008s ]
INFO: [ view_parse ] --END-- [ RunTime:0.137008s ]
INFO: [ view_filter ] --START--
INFO: Run Behavior\WriteHtmlCacheBehavior [ RunTime:0.002000s ]
INFO: [ view_filter ] --END-- [ RunTime:0.002000s ]
INFO: [ app_end ] --START--
INFO: Run Behavior\ShowPageTraceBehavior [ RunTime:0.001000s ]
INFO: [ app_end ] --END-- [ RunTime:0.002000s ]

[ 2015-10-29T22:16:43+08:00 ] 127.0.0.1 /alert-30-opration-alert.html
INFO: [ app_init ] --START--
INFO: Run Behavior\BuildLiteBehavior [ RunTime:0.000000s ]
INFO: [ app_init ] --END-- [ RunTime:0.002001s ]
INFO: [ app_begin ] --START--
INFO: Run Behavior\ReadHtmlCacheBehavior [ RunTime:0.002000s ]
INFO: [ app_begin ] --END-- [ RunTime:0.002000s ]
SQL: SHOW COLUMNS FROM `vote_user` [ RunTime:0.0100s ]
SQL: SHOW COLUMNS FROM `vote_user` [ RunTime:0.0090s ]
SQL: UPDATE `vote_user` SET `real_name`='李娜',`sex`='2',`college`='广西大学',`class`='软件1102',`school_year`='1442851200',`photo`='/Public/upload/images/20150923/12345654.jpg',`introduce`='&lt;hr /&gt;
&lt;p&gt;
	诸位高速费个地方官i
&lt;/p&gt;
&lt;p&gt;
	神佛is护肤上高地订单 &amp;nbsp;
&lt;/p&gt;
&lt;p&gt;
	对方答复ID号ddfddfdfd方法
&lt;/p&gt;
&lt;p&gt;
	方法共和国反复
&lt;/p&gt;
&lt;p&gt;
	都是好的订单
&lt;/p&gt;
&lt;p&gt;
	大方大方点对方答复
&lt;/p&gt;
&lt;p&gt;
	对方答复dfdfddfdf&amp;nbsp;
&lt;/p&gt;
&lt;p&gt;
	对方的对方答复地方冠福股份fgfg对方的
&lt;/p&gt;
&lt;p&gt;
	股份的房顶上对方的对方答复 &amp;nbsp;对方的
&lt;/p&gt;',`vote_count`='24' WHERE ( id=30 ) [ RunTime:0.3220s ]
INFO: [ app_end ] --START--
INFO: Run Behavior\ShowPageTraceBehavior [ RunTime:0.003000s ]
INFO: [ app_end ] --END-- [ RunTime:0.005001s ]

[ 2015-10-29T22:17:05+08:00 ] 127.0.0.1 /
INFO: [ app_init ] --START--
INFO: Run Behavior\BuildLiteBehavior [ RunTime:0.000000s ]
INFO: [ app_init ] --END-- [ RunTime:0.001000s ]
INFO: [ app_begin ] --START--
INFO: Run Behavior\ReadHtmlCacheBehavior [ RunTime:0.001001s ]
INFO: [ app_begin ] --END-- [ RunTime:0.002001s ]
SQL: SHOW COLUMNS FROM `vote_user` [ RunTime:0.0180s ]
SQL: SHOW COLUMNS FROM `vote_user` [ RunTime:0.0180s ]
SQL: SELECT * FROM `vote_user` LIMIT 0,10   [ RunTime:0.0010s ]
INFO: [ view_parse ] --START--
INFO: [ template_filter ] --START--
INFO: Run Behavior\ContentReplaceBehavior [ RunTime:0.000000s ]
INFO: [ template_filter ] --END-- [ RunTime:0.002000s ]
INFO: Run Behavior\ParseTemplateBehavior [ RunTime:0.097005s ]
INFO: [ view_parse ] --END-- [ RunTime:0.099006s ]
INFO: [ view_filter ] --START--
INFO: Run Behavior\WriteHtmlCacheBehavior [ RunTime:0.003000s ]
INFO: [ view_filter ] --END-- [ RunTime:0.004000s ]
INFO: [ app_end ] --START--
INFO: Run Behavior\ShowPageTraceBehavior [ RunTime:0.003000s ]
INFO: [ app_end ] --END-- [ RunTime:0.004000s ]

[ 2015-10-29T22:17:47+08:00 ] 127.0.0.1 /alert.html
INFO: [ app_init ] --START--
INFO: Run Behavior\BuildLiteBehavior [ RunTime:0.000000s ]
INFO: [ app_init ] --END-- [ RunTime:0.002000s ]
INFO: [ app_begin ] --START--
INFO: Run Behavior\ReadHtmlCacheBehavior [ RunTime:0.001000s ]
INFO: [ app_begin ] --END-- [ RunTime:0.001000s ]
SQL: SHOW COLUMNS FROM `vote_user` [ RunTime:0.0090s ]
SQL: SHOW COLUMNS FROM `vote_user` [ RunTime:0.0090s ]
SQL: SELECT * FROM `vote_user` LIMIT 0,10   [ RunTime:0.0010s ]
INFO: [ view_parse ] --START--
INFO: [ template_filter ] --START--
INFO: Run Behavior\ContentReplaceBehavior [ RunTime:0.001000s ]
INFO: [ template_filter ] --END-- [ RunTime:0.001000s ]
INFO: Run Behavior\ParseTemplateBehavior [ RunTime:0.199011s ]
INFO: [ view_parse ] --END-- [ RunTime:0.199011s ]
INFO: [ view_filter ] --START--
INFO: Run Behavior\WriteHtmlCacheBehavior [ RunTime:0.002000s ]
INFO: [ view_filter ] --END-- [ RunTime:0.002000s ]
INFO: [ app_end ] --START--
INFO: Run Behavior\ShowPageTraceBehavior [ RunTime:0.002000s ]
INFO: [ app_end ] --END-- [ RunTime:0.002000s ]

[ 2015-10-29T22:17:49+08:00 ] 127.0.0.1 /alert-30-opration-alert.html
INFO: [ app_init ] --START--
INFO: Run Behavior\BuildLiteBehavior [ RunTime:0.000000s ]
INFO: [ app_init ] --END-- [ RunTime:0.001000s ]
INFO: [ app_begin ] --START--
INFO: Run Behavior\ReadHtmlCacheBehavior [ RunTime:0.002000s ]
INFO: [ app_begin ] --END-- [ RunTime:0.002000s ]
SQL: SHOW COLUMNS FROM `vote_user` [ RunTime:0.0100s ]
SQL: SHOW COLUMNS FROM `vote_user` [ RunTime:0.0100s ]
SQL: SELECT * FROM `vote_user` WHERE ( id=30 ) LIMIT 1   [ RunTime:0.0010s ]
INFO: [ view_parse ] --START--
INFO: [ template_filter ] --START--
INFO: Run Behavior\ContentReplaceBehavior [ RunTime:0.000000s ]
INFO: [ template_filter ] --END-- [ RunTime:0.000000s ]
NOTIC: [8] Use of undefined constant alert - assumed 'alert' F:\www\voting\Application\Runtime\Cache\Home\d48c17f75639665d6a877f921d2fdec8.php 第 65 行.
NOTIC: [8] Use of undefined constant alert - assumed 'alert' F:\www\voting\Application\Runtime\Cache\Home\d48c17f75639665d6a877f921d2fdec8.php 第 80 行.
INFO: Run Behavior\ParseTemplateBehavior [ RunTime:0.024001s ]
INFO: [ view_parse ] --END-- [ RunTime:0.025001s ]
INFO: [ view_filter ] --START--
INFO: Run Behavior\WriteHtmlCacheBehavior [ RunTime:0.001001s ]
INFO: [ view_filter ] --END-- [ RunTime:0.001001s ]
INFO: [ app_end ] --START--
INFO: Run Behavior\ShowPageTraceBehavior [ RunTime:0.001000s ]
INFO: [ app_end ] --END-- [ RunTime:0.002000s ]

[ 2015-10-29T22:17:54+08:00 ] 127.0.0.1 /alert-30-opration-alert.html
INFO: [ app_init ] --START--
INFO: Run Behavior\BuildLiteBehavior [ RunTime:0.000000s ]
INFO: [ app_init ] --END-- [ RunTime:0.001000s ]
INFO: [ app_begin ] --START--
INFO: Run Behavior\ReadHtmlCacheBehavior [ RunTime:0.001000s ]
INFO: [ app_begin ] --END-- [ RunTime:0.001000s ]
SQL: SHOW COLUMNS FROM `vote_user` [ RunTime:0.0090s ]
SQL: SHOW COLUMNS FROM `vote_user` [ RunTime:0.0090s ]
SQL: UPDATE `vote_user` SET `real_name`='李娜a',`sex`='2',`college`='广西大学',`class`='软件1102',`school_year`='1442851200',`photo`='/Public/upload/images/20150923/12345654.jpg',`introduce`='&lt;hr /&gt;
&lt;p&gt;
	诸位高速费个地方官i
&lt;/p&gt;
&lt;p&gt;
	神佛is护肤上高地订单 &amp;nbsp;
&lt;/p&gt;
&lt;p&gt;
	对方答复ID号ddfddfdfd方法
&lt;/p&gt;
&lt;p&gt;
	方法共和国反复
&lt;/p&gt;
&lt;p&gt;
	都是好的订单
&lt;/p&gt;
&lt;p&gt;
	大方大方点对方答复
&lt;/p&gt;
&lt;p&gt;
	对方答复dfdfddfdf&amp;nbsp;
&lt;/p&gt;
&lt;p&gt;
	对方的对方答复地方冠福股份fgfg对方的
&lt;/p&gt;
&lt;p&gt;
	股份的房顶上对方的对方答复 &amp;nbsp;对方的
&lt;/p&gt;',`vote_count`='24' WHERE ( id=30 ) [ RunTime:0.4330s ]

[ 2015-10-29T22:17:56+08:00 ] 127.0.0.1 /alert.html
INFO: [ app_init ] --START--
INFO: Run Behavior\BuildLiteBehavior [ RunTime:0.000000s ]
INFO: [ app_init ] --END-- [ RunTime:0.001000s ]
INFO: [ app_begin ] --START--
INFO: Run Behavior\ReadHtmlCacheBehavior [ RunTime:0.002000s ]
INFO: [ app_begin ] --END-- [ RunTime:0.002000s ]
SQL: SHOW COLUMNS FROM `vote_user` [ RunTime:0.0090s ]
SQL: SHOW COLUMNS FROM `vote_user` [ RunTime:0.0100s ]
SQL: SELECT * FROM `vote_user` LIMIT 0,10   [ RunTime:0.0010s ]
INFO: [ view_parse ] --START--
INFO: [ template_filter ] --START--
INFO: Run Behavior\ContentReplaceBehavior [ RunTime:0.000000s ]
INFO: [ template_filter ] --END-- [ RunTime:0.000000s ]
INFO: Run Behavior\ParseTemplateBehavior [ RunTime:0.034002s ]
INFO: [ view_parse ] --END-- [ RunTime:0.035002s ]
INFO: [ view_filter ] --START--
INFO: Run Behavior\WriteHtmlCacheBehavior [ RunTime:0.001000s ]
INFO: [ view_filter ] --END-- [ RunTime:0.002000s ]
INFO: [ app_end ] --START--
INFO: Run Behavior\ShowPageTraceBehavior [ RunTime:0.002001s ]
INFO: [ app_end ] --END-- [ RunTime:0.003001s ]

[ 2015-10-29T22:17:59+08:00 ] 127.0.0.1 /alert-30-opration-alert.html
INFO: [ app_init ] --START--
INFO: Run Behavior\BuildLiteBehavior [ RunTime:0.001000s ]
INFO: [ app_init ] --END-- [ RunTime:0.001000s ]
INFO: [ app_begin ] --START--
INFO: Run Behavior\ReadHtmlCacheBehavior [ RunTime:0.001000s ]
INFO: [ app_begin ] --END-- [ RunTime:0.002000s ]
SQL: SHOW COLUMNS FROM `vote_user` [ RunTime:0.0100s ]
SQL: SHOW COLUMNS FROM `vote_user` [ RunTime:0.0090s ]
SQL: SELECT * FROM `vote_user` WHERE ( id=30 ) LIMIT 1   [ RunTime:0.0000s ]
INFO: [ view_parse ] --START--
INFO: [ template_filter ] --START--
INFO: Run Behavior\ContentReplaceBehavior [ RunTime:0.000000s ]
INFO: [ template_filter ] --END-- [ RunTime:0.001000s ]
NOTIC: [8] Use of undefined constant alert - assumed 'alert' F:\www\voting\Application\Runtime\Cache\Home\d48c17f75639665d6a877f921d2fdec8.php 第 65 行.
NOTIC: [8] Use of undefined constant alert - assumed 'alert' F:\www\voting\Application\Runtime\Cache\Home\d48c17f75639665d6a877f921d2fdec8.php 第 80 行.
INFO: Run Behavior\ParseTemplateBehavior [ RunTime:0.024001s ]
INFO: [ view_parse ] --END-- [ RunTime:0.025001s ]
INFO: [ view_filter ] --START--
INFO: Run Behavior\WriteHtmlCacheBehavior [ RunTime:0.001000s ]
INFO: [ view_filter ] --END-- [ RunTime:0.001000s ]
INFO: [ app_end ] --START--
INFO: Run Behavior\ShowPageTraceBehavior [ RunTime:0.001000s ]
INFO: [ app_end ] --END-- [ RunTime:0.002000s ]

[ 2015-10-29T22:18:09+08:00 ] 127.0.0.1 /alert-30-opration-alert.html
INFO: [ app_init ] --START--
INFO: Run Behavior\BuildLiteBehavior [ RunTime:0.000000s ]
INFO: [ app_init ] --END-- [ RunTime:0.001000s ]
INFO: [ app_begin ] --START--
INFO: Run Behavior\ReadHtmlCacheBehavior [ RunTime:0.001000s ]
INFO: [ app_begin ] --END-- [ RunTime:0.002000s ]
SQL: SHOW COLUMNS FROM `vote_user` [ RunTime:0.0090s ]
SQL: SHOW COLUMNS FROM `vote_user` [ RunTime:0.0080s ]
SQL: SELECT * FROM `vote_user` WHERE ( id=30 ) LIMIT 1   [ RunTime:0.0010s ]
INFO: [ view_parse ] --START--
INFO: [ template_filter ] --START--
INFO: Run Behavior\ContentReplaceBehavior [ RunTime:0.001000s ]
INFO: [ template_filter ] --END-- [ RunTime:0.001000s ]
NOTIC: [8] Use of undefined constant alert - assumed 'alert' F:\www\voting\Application\Runtime\Cache\Home\d48c17f75639665d6a877f921d2fdec8.php 第 65 行.
NOTIC: [8] Use of undefined constant alert - assumed 'alert' F:\www\voting\Application\Runtime\Cache\Home\d48c17f75639665d6a877f921d2fdec8.php 第 80 行.
INFO: Run Behavior\ParseTemplateBehavior [ RunTime:0.024001s ]
INFO: [ view_parse ] --END-- [ RunTime:0.025002s ]
INFO: [ view_filter ] --START--
INFO: Run Behavior\WriteHtmlCacheBehavior [ RunTime:0.001000s ]
INFO: [ view_filter ] --END-- [ RunTime:0.001000s ]
INFO: [ app_end ] --START--
INFO: Run Behavior\ShowPageTraceBehavior [ RunTime:0.001000s ]
INFO: [ app_end ] --END-- [ RunTime:0.001000s ]

[ 2015-10-29T22:18:13+08:00 ] 127.0.0.1 /alert-30-opration-alert.html
INFO: [ app_init ] --START--
INFO: Run Behavior\BuildLiteBehavior [ RunTime:0.000000s ]
INFO: [ app_init ] --END-- [ RunTime:0.001000s ]
INFO: [ app_begin ] --START--
INFO: Run Behavior\ReadHtmlCacheBehavior [ RunTime:0.001000s ]
INFO: [ app_begin ] --END-- [ RunTime:0.001000s ]
SQL: SHOW COLUMNS FROM `vote_user` [ RunTime:0.0090s ]
SQL: SHOW COLUMNS FROM `vote_user` [ RunTime:0.0090s ]
SQL: UPDATE `vote_user` SET `real_name`='李娜a',`sex`='2',`college`='广西大学',`class`='软件1102',`school_year`='1442851200',`photo`='/Public/upload/images/20150923/12345654.jpg',`introduce`='&lt;hr /&gt;
&lt;p&gt;
	诸位高速费个地方官i
&lt;/p&gt;
&lt;p&gt;
	神佛is护肤上高地订单 &amp;nbsp;
&lt;/p&gt;
&lt;p&gt;
	对方答复ID号ddfddfdfd方法
&lt;/p&gt;
&lt;p&gt;
	方法共和国反复
&lt;/p&gt;
&lt;p&gt;
	都是好的订单
&lt;/p&gt;
&lt;p&gt;
	大方大方点对方答复
&lt;/p&gt;
&lt;p&gt;
	对方答复dfdfddfdf&amp;nbsp;
&lt;/p&gt;
&lt;p&gt;
	对方的对方答复地方冠福股份fgfg对方的
&lt;/p&gt;
&lt;p&gt;
	股份的房顶上对方的对方答复 &amp;nbsp;对方的
&lt;/p&gt;',`vote_count`='24' WHERE ( id=30 ) [ RunTime:0.3250s ]
INFO: [ app_end ] --START--
INFO: Run Behavior\ShowPageTraceBehavior [ RunTime:0.003000s ]
INFO: [ app_end ] --END-- [ RunTime:0.004000s ]

[ 2015-10-29T22:18:20+08:00 ] 127.0.0.1 /alert-30-opration-alert.html
INFO: [ app_init ] --START--
INFO: Run Behavior\BuildLiteBehavior [ RunTime:0.000000s ]
INFO: [ app_init ] --END-- [ RunTime:0.001000s ]
INFO: [ app_begin ] --START--
INFO: Run Behavior\ReadHtmlCacheBehavior [ RunTime:0.001000s ]
INFO: [ app_begin ] --END-- [ RunTime:0.001000s ]
SQL: SHOW COLUMNS FROM `vote_user` [ RunTime:0.0080s ]
SQL: SHOW COLUMNS FROM `vote_user` [ RunTime:0.0100s ]
SQL: SELECT * FROM `vote_user` WHERE ( id=30 ) LIMIT 1   [ RunTime:0.0010s ]
INFO: [ view_parse ] --START--
INFO: [ template_filter ] --START--
INFO: Run Behavior\ContentReplaceBehavior [ RunTime:0.000000s ]
INFO: [ template_filter ] --END-- [ RunTime:0.000000s ]
NOTIC: [8] Use of undefined constant alert - assumed 'alert' F:\www\voting\Application\Runtime\Cache\Home\d48c17f75639665d6a877f921d2fdec8.php 第 65 行.
NOTIC: [8] Use of undefined constant alert - assumed 'alert' F:\www\voting\Application\Runtime\Cache\Home\d48c17f75639665d6a877f921d2fdec8.php 第 80 行.
INFO: Run Behavior\ParseTemplateBehavior [ RunTime:0.024001s ]
INFO: [ view_parse ] --END-- [ RunTime:0.024001s ]
INFO: [ view_filter ] --START--
INFO: Run Behavior\WriteHtmlCacheBehavior [ RunTime:0.001000s ]
INFO: [ view_filter ] --END-- [ RunTime:0.001000s ]
INFO: [ app_end ] --START--
INFO: Run Behavior\ShowPageTraceBehavior [ RunTime:0.001000s ]
INFO: [ app_end ] --END-- [ RunTime:0.002000s ]

[ 2015-10-29T22:18:24+08:00 ] 127.0.0.1 /alert-30-opration-alert.html
INFO: [ app_init ] --START--
INFO: Run Behavior\BuildLiteBehavior [ RunTime:0.000000s ]
INFO: [ app_init ] --END-- [ RunTime:0.001000s ]
INFO: [ app_begin ] --START--
INFO: Run Behavior\ReadHtmlCacheBehavior [ RunTime:0.001000s ]
INFO: [ app_begin ] --END-- [ RunTime:0.001000s ]
SQL: SHOW COLUMNS FROM `vote_user` [ RunTime:0.0100s ]
SQL: SHOW COLUMNS FROM `vote_user` [ RunTime:0.0090s ]
SQL: UPDATE `vote_user` SET `real_name`='李娜aa',`sex`='2',`college`='广西大学',`class`='软件1102',`school_year`='1442851200',`photo`='/Public/upload/images/20150923/12345654.jpg',`introduce`='&lt;hr /&gt;
&lt;p&gt;
	诸位高速费个地方官i
&lt;/p&gt;
&lt;p&gt;
	神佛is护肤上高地订单 &amp;nbsp;
&lt;/p&gt;
&lt;p&gt;
	对方答复ID号ddfddfdfd方法
&lt;/p&gt;
&lt;p&gt;
	方法共和国反复
&lt;/p&gt;
&lt;p&gt;
	都是好的订单
&lt;/p&gt;
&lt;p&gt;
	大方大方点对方答复
&lt;/p&gt;
&lt;p&gt;
	对方答复dfdfddfdf&amp;nbsp;
&lt;/p&gt;
&lt;p&gt;
	对方的对方答复地方冠福股份fgfg对方的
&lt;/p&gt;
&lt;p&gt;
	股份的房顶上对方的对方答复 &amp;nbsp;对方的
&lt;/p&gt;',`vote_count`='24' WHERE ( id=30 ) [ RunTime:0.4230s ]

[ 2015-10-29T22:18:26+08:00 ] 127.0.0.1 /alert.html
INFO: [ app_init ] --START--
INFO: Run Behavior\BuildLiteBehavior [ RunTime:0.000000s ]
INFO: [ app_init ] --END-- [ RunTime:0.002001s ]
INFO: [ app_begin ] --START--
INFO: Run Behavior\ReadHtmlCacheBehavior [ RunTime:0.001000s ]
INFO: [ app_begin ] --END-- [ RunTime:0.001000s ]
SQL: SHOW COLUMNS FROM `vote_user` [ RunTime:0.0090s ]
SQL: SHOW COLUMNS FROM `vote_user` [ RunTime:0.0090s ]
SQL: SELECT * FROM `vote_user` LIMIT 0,10   [ RunTime:0.0010s ]
INFO: [ view_parse ] --START--
INFO: [ template_filter ] --START--
INFO: Run Behavior\ContentReplaceBehavior [ RunTime:0.000000s ]
INFO: [ template_filter ] --END-- [ RunTime:0.001000s ]
INFO: Run Behavior\ParseTemplateBehavior [ RunTime:0.034002s ]
INFO: [ view_parse ] --END-- [ RunTime:0.035002s ]
INFO: [ view_filter ] --START--
INFO: Run Behavior\WriteHtmlCacheBehavior [ RunTime:0.001001s ]
INFO: [ view_filter ] --END-- [ RunTime:0.001001s ]
INFO: [ app_end ] --START--
INFO: Run Behavior\ShowPageTraceBehavior [ RunTime:0.001000s ]
INFO: [ app_end ] --END-- [ RunTime:0.002000s ]

[ 2015-10-29T22:18:27+08:00 ] 127.0.0.1 /alert-30-opration-alert.html
INFO: [ app_init ] --START--
INFO: Run Behavior\BuildLiteBehavior [ RunTime:0.000000s ]
INFO: [ app_init ] --END-- [ RunTime:0.001000s ]
INFO: [ app_begin ] --START--
INFO: Run Behavior\ReadHtmlCacheBehavior [ RunTime:0.001000s ]
INFO: [ app_begin ] --END-- [ RunTime:0.002000s ]
SQL: SHOW COLUMNS FROM `vote_user` [ RunTime:0.0090s ]
SQL: SHOW COLUMNS FROM `vote_user` [ RunTime:0.0100s ]
SQL: SELECT * FROM `vote_user` WHERE ( id=30 ) LIMIT 1   [ RunTime:0.0000s ]
INFO: [ view_parse ] --START--
INFO: [ template_filter ] --START--
INFO: Run Behavior\ContentReplaceBehavior [ RunTime:0.000000s ]
INFO: [ template_filter ] --END-- [ RunTime:0.001000s ]
NOTIC: [8] Use of undefined constant alert - assumed 'alert' F:\www\voting\Application\Runtime\Cache\Home\d48c17f75639665d6a877f921d2fdec8.php 第 65 行.
NOTIC: [8] Use of undefined constant alert - assumed 'alert' F:\www\voting\Application\Runtime\Cache\Home\d48c17f75639665d6a877f921d2fdec8.php 第 80 行.
INFO: Run Behavior\ParseTemplateBehavior [ RunTime:0.025001s ]
INFO: [ view_parse ] --END-- [ RunTime:0.026001s ]
INFO: [ view_filter ] --START--
INFO: Run Behavior\WriteHtmlCacheBehavior [ RunTime:0.001000s ]
INFO: [ view_filter ] --END-- [ RunTime:0.002000s ]
INFO: [ app_end ] --START--
INFO: Run Behavior\ShowPageTraceBehavior [ RunTime:0.001000s ]
INFO: [ app_end ] --END-- [ RunTime:0.002000s ]

[ 2015-10-29T22:18:32+08:00 ] 127.0.0.1 /alert-30-opration-alert.html
INFO: [ app_init ] --START--
INFO: Run Behavior\BuildLiteBehavior [ RunTime:0.001000s ]
INFO: [ app_init ] --END-- [ RunTime:0.001000s ]
INFO: [ app_begin ] --START--
INFO: Run Behavior\ReadHtmlCacheBehavior [ RunTime:0.002000s ]
INFO: [ app_begin ] --END-- [ RunTime:0.002000s ]
SQL: SHOW COLUMNS FROM `vote_user` [ RunTime:0.0100s ]
SQL: SHOW COLUMNS FROM `vote_user` [ RunTime:0.0100s ]
SQL: UPDATE `vote_user` SET `real_name`='李娜',`sex`='2',`college`='广西大学',`class`='软件1102',`school_year`='1442851200',`photo`='/Public/upload/images/20150923/12345654.jpg',`introduce`='&lt;hr /&gt;
&lt;p&gt;
	诸位高速费个地方官i
&lt;/p&gt;
&lt;p&gt;
	神佛is护肤上高地订单 &amp;nbsp;
&lt;/p&gt;
&lt;p&gt;
	对方答复ID号ddfddfdfd方法
&lt;/p&gt;
&lt;p&gt;
	方法共和国反复
&lt;/p&gt;
&lt;p&gt;
	都是好的订单
&lt;/p&gt;
&lt;p&gt;
	大方大方点对方答复
&lt;/p&gt;
&lt;p&gt;
	对方答复dfdfddfdf&amp;nbsp;
&lt;/p&gt;
&lt;p&gt;
	对方的对方答复地方冠福股份fgfg对方的
&lt;/p&gt;
&lt;p&gt;
	股份的房顶上对方的对方答复 &amp;nbsp;对方的
&lt;/p&gt;',`vote_count`='24' WHERE ( id=30 ) [ RunTime:0.3910s ]

[ 2015-10-29T22:18:33+08:00 ] 127.0.0.1 /alert.html
INFO: [ app_init ] --START--
INFO: Run Behavior\BuildLiteBehavior [ RunTime:0.000000s ]
INFO: [ app_init ] --END-- [ RunTime:0.001000s ]
INFO: [ app_begin ] --START--
INFO: Run Behavior\ReadHtmlCacheBehavior [ RunTime:0.001000s ]
INFO: [ app_begin ] --END-- [ RunTime:0.001000s ]
SQL: SHOW COLUMNS FROM `vote_user` [ RunTime:0.0090s ]
SQL: SHOW COLUMNS FROM `vote_user` [ RunTime:0.0100s ]
SQL: SELECT * FROM `vote_user` LIMIT 0,10   [ RunTime:0.0010s ]
INFO: [ view_parse ] --START--
INFO: [ template_filter ] --START--
INFO: Run Behavior\ContentReplaceBehavior [ RunTime:0.000000s ]
INFO: [ template_filter ] --END-- [ RunTime:0.000000s ]
INFO: Run Behavior\ParseTemplateBehavior [ RunTime:0.035002s ]
INFO: [ view_parse ] --END-- [ RunTime:0.035002s ]
INFO: [ view_filter ] --START--
INFO: Run Behavior\WriteHtmlCacheBehavior [ RunTime:0.001000s ]
INFO: [ view_filter ] --END-- [ RunTime:0.001000s ]
INFO: [ app_end ] --START--
INFO: Run Behavior\ShowPageTraceBehavior [ RunTime:0.001000s ]
INFO: [ app_end ] --END-- [ RunTime:0.002000s ]

