[ 2015-12-14T11:24:01+08:00 ] 127.0.0.1 /
INFO: [ app_init ] --START--
INFO: Run Behavior\BuildLiteBehavior [ RunTime:0.000040s ]
INFO: [ app_init ] --END-- [ RunTime:0.011204s ]
INFO: [ app_begin ] --START--
INFO: Run Behavior\ReadHtmlCacheBehavior [ RunTime:0.010275s ]
INFO: [ app_begin ] --END-- [ RunTime:0.010486s ]

[ 2015-12-14T11:24:01+08:00 ] 127.0.0.1 /login.html
INFO: [ app_init ] --START--
INFO: Run Behavior\BuildLiteBehavior [ RunTime:0.000038s ]
INFO: [ app_init ] --END-- [ RunTime:0.001281s ]
INFO: [ app_begin ] --START--
INFO: Run Behavior\ReadHtmlCacheBehavior [ RunTime:0.003059s ]
INFO: [ app_begin ] --END-- [ RunTime:0.003244s ]
INFO: [ view_parse ] --START--
INFO: [ template_filter ] --START--
INFO: Run Behavior\ContentReplaceBehavior [ RunTime:0.000092s ]
INFO: [ template_filter ] --END-- [ RunTime:0.000255s ]
INFO: Run Behavior\ParseTemplateBehavior [ RunTime:0.040460s ]
INFO: [ view_parse ] --END-- [ RunTime:0.040730s ]
INFO: [ view_filter ] --START--
INFO: Run Behavior\WriteHtmlCacheBehavior [ RunTime:0.003549s ]
INFO: [ view_filter ] --END-- [ RunTime:0.003721s ]
INFO: [ app_end ] --START--
INFO: Run Behavior\ShowPageTraceBehavior [ RunTime:0.015908s ]
INFO: [ app_end ] --END-- [ RunTime:0.016085s ]

[ 2015-12-14T11:24:02+08:00 ] 127.0.0.1 /index.php/Home/User/verify
INFO: [ app_init ] --START--
INFO: Run Behavior\BuildLiteBehavior [ RunTime:0.000038s ]
INFO: [ app_init ] --END-- [ RunTime:0.001503s ]
INFO: [ app_begin ] --START--
INFO: Run Behavior\ReadHtmlCacheBehavior [ RunTime:0.003635s ]
INFO: [ app_begin ] --END-- [ RunTime:0.003859s ]
INFO: [ app_end ] --START--
INFO: Run Behavior\ShowPageTraceBehavior [ RunTime:0.003283s ]
INFO: [ app_end ] --END-- [ RunTime:0.003487s ]

[ 2015-12-14T11:24:47+08:00 ] 127.0.0.1 /index.php/Home/User/verify
INFO: [ app_init ] --START--
INFO: Run Behavior\BuildLiteBehavior [ RunTime:0.000043s ]
INFO: [ app_init ] --END-- [ RunTime:0.001610s ]
INFO: [ app_begin ] --START--
INFO: Run Behavior\ReadHtmlCacheBehavior [ RunTime:0.003072s ]
INFO: [ app_begin ] --END-- [ RunTime:0.003259s ]
INFO: [ app_end ] --START--
INFO: Run Behavior\ShowPageTraceBehavior [ RunTime:0.003770s ]
INFO: [ app_end ] --END-- [ RunTime:0.003963s ]

[ 2015-12-14T11:24:53+08:00 ] 127.0.0.1 /index.php/Home/User/login
INFO: [ app_init ] --START--
INFO: Run Behavior\BuildLiteBehavior [ RunTime:0.000041s ]
INFO: [ app_init ] --END-- [ RunTime:0.001356s ]
INFO: [ app_begin ] --START--
INFO: Run Behavior\ReadHtmlCacheBehavior [ RunTime:0.003401s ]
INFO: [ app_begin ] --END-- [ RunTime:0.003626s ]
INFO: [ app_end ] --START--
INFO: Run Behavior\ShowPageTraceBehavior [ RunTime:0.003194s ]
INFO: [ app_end ] --END-- [ RunTime:0.003370s ]

[ 2015-12-14T11:25:01+08:00 ] 127.0.0.1 /index.php/Home/User/login
INFO: [ app_init ] --START--
INFO: Run Behavior\BuildLiteBehavior [ RunTime:0.000043s ]
INFO: [ app_init ] --END-- [ RunTime:0.001349s ]
INFO: [ app_begin ] --START--
INFO: Run Behavior\ReadHtmlCacheBehavior [ RunTime:0.003791s ]
INFO: [ app_begin ] --END-- [ RunTime:0.004017s ]
INFO: [ view_parse ] --START--
INFO: [ template_filter ] --START--
INFO: Run Behavior\ContentReplaceBehavior [ RunTime:0.000093s ]
INFO: [ template_filter ] --END-- [ RunTime:0.000255s ]
INFO: Run Behavior\ParseTemplateBehavior [ RunTime:0.020068s ]
INFO: [ view_parse ] --END-- [ RunTime:0.020260s ]
INFO: [ view_filter ] --START--
INFO: Run Behavior\WriteHtmlCacheBehavior [ RunTime:0.003447s ]
INFO: [ view_filter ] --END-- [ RunTime:0.003623s ]
INFO: [ app_end ] --START--
INFO: Run Behavior\ShowPageTraceBehavior [ RunTime:0.003934s ]
INFO: [ app_end ] --END-- [ RunTime:0.004217s ]

[ 2015-12-14T11:25:01+08:00 ] 127.0.0.1 /index.php/Home/User/verify
INFO: [ app_init ] --START--
INFO: Run Behavior\BuildLiteBehavior [ RunTime:0.000036s ]
INFO: [ app_init ] --END-- [ RunTime:0.001199s ]
INFO: [ app_begin ] --START--
INFO: Run Behavior\ReadHtmlCacheBehavior [ RunTime:0.003642s ]
INFO: [ app_begin ] --END-- [ RunTime:0.003865s ]
INFO: [ app_end ] --START--
INFO: Run Behavior\ShowPageTraceBehavior [ RunTime:0.003246s ]
INFO: [ app_end ] --END-- [ RunTime:0.003449s ]

[ 2015-12-14T11:25:24+08:00 ] 127.0.0.1 /index.php/Home/User/login
INFO: [ app_init ] --START--
INFO: Run Behavior\BuildLiteBehavior [ RunTime:0.000043s ]
INFO: [ app_init ] --END-- [ RunTime:0.001577s ]
INFO: [ app_begin ] --START--
INFO: Run Behavior\ReadHtmlCacheBehavior [ RunTime:0.004242s ]
INFO: [ app_begin ] --END-- [ RunTime:0.004481s ]
SQL: SHOW COLUMNS FROM `vote_user` [ RunTime:0.0064s ]
SQL: SHOW COLUMNS FROM `vote_user` [ RunTime:0.0055s ]
SQL: SELECT * FROM `vote_user` WHERE ( user_name='ali' and password='123' ) LIMIT 1   [ RunTime:0.0005s ]

[ 2015-12-14T11:25:24+08:00 ] 127.0.0.1 /all.html
INFO: [ app_init ] --START--
INFO: Run Behavior\BuildLiteBehavior [ RunTime:0.000036s ]
INFO: [ app_init ] --END-- [ RunTime:0.001263s ]
INFO: [ app_begin ] --START--
INFO: Run Behavior\ReadHtmlCacheBehavior [ RunTime:0.003235s ]
INFO: [ app_begin ] --END-- [ RunTime:0.003620s ]
SQL: SHOW COLUMNS FROM `vote_user` [ RunTime:0.0055s ]
SQL: SHOW COLUMNS FROM `vote_user` [ RunTime:0.0051s ]
SQL: SELECT * FROM `vote_user` LIMIT 0,10   [ RunTime:0.0006s ]
INFO: [ view_parse ] --START--
INFO: [ template_filter ] --START--
INFO: Run Behavior\ContentReplaceBehavior [ RunTime:0.000111s ]
INFO: [ template_filter ] --END-- [ RunTime:0.000281s ]
INFO: Run Behavior\ParseTemplateBehavior [ RunTime:0.053546s ]
INFO: [ view_parse ] --END-- [ RunTime:0.053758s ]
INFO: [ view_filter ] --START--
INFO: Run Behavior\WriteHtmlCacheBehavior [ RunTime:0.002884s ]
INFO: [ view_filter ] --END-- [ RunTime:0.003057s ]
INFO: [ app_end ] --START--
INFO: Run Behavior\ShowPageTraceBehavior [ RunTime:0.003429s ]
INFO: [ app_end ] --END-- [ RunTime:0.003585s ]

[ 2015-12-14T11:46:53+08:00 ] 127.0.0.1 /all.html
INFO: [ app_init ] --START--
INFO: Run Behavior\BuildLiteBehavior [ RunTime:0.000040s ]
INFO: [ app_init ] --END-- [ RunTime:0.001777s ]
INFO: [ app_begin ] --START--
INFO: Run Behavior\ReadHtmlCacheBehavior [ RunTime:0.003766s ]
INFO: [ app_begin ] --END-- [ RunTime:0.003969s ]
SQL: SHOW COLUMNS FROM `vote_user` [ RunTime:0.0155s ]
SQL: SHOW COLUMNS FROM `vote_user` [ RunTime:0.0051s ]
SQL: SELECT * FROM `vote_user` LIMIT 0,10   [ RunTime:0.0005s ]
INFO: [ view_parse ] --START--
INFO: [ template_filter ] --START--
INFO: Run Behavior\ContentReplaceBehavior [ RunTime:0.000127s ]
INFO: [ template_filter ] --END-- [ RunTime:0.000343s ]
INFO: Run Behavior\ParseTemplateBehavior [ RunTime:0.026973s ]
INFO: [ view_parse ] --END-- [ RunTime:0.027156s ]
INFO: [ view_filter ] --START--
INFO: Run Behavior\WriteHtmlCacheBehavior [ RunTime:0.003086s ]
INFO: [ view_filter ] --END-- [ RunTime:0.003232s ]
INFO: [ app_end ] --START--
INFO: Run Behavior\ShowPageTraceBehavior [ RunTime:0.003579s ]
INFO: [ app_end ] --END-- [ RunTime:0.003732s ]

[ 2015-12-14T11:47:15+08:00 ] 127.0.0.1 /all.html
INFO: [ app_init ] --START--
INFO: Run Behavior\BuildLiteBehavior [ RunTime:0.000041s ]
INFO: [ app_init ] --END-- [ RunTime:0.001601s ]
INFO: [ app_begin ] --START--
INFO: Run Behavior\ReadHtmlCacheBehavior [ RunTime:0.003099s ]
INFO: [ app_begin ] --END-- [ RunTime:0.003291s ]
SQL: SHOW COLUMNS FROM `vote_user` [ RunTime:0.0066s ]
SQL: SHOW COLUMNS FROM `vote_user` [ RunTime:0.0052s ]
SQL: SELECT * FROM `vote_user` LIMIT 0,10   [ RunTime:0.0005s ]
INFO: [ view_parse ] --START--
INFO: [ template_filter ] --START--
INFO: Run Behavior\ContentReplaceBehavior [ RunTime:0.000111s ]
INFO: [ template_filter ] --END-- [ RunTime:0.000286s ]
INFO: Run Behavior\ParseTemplateBehavior [ RunTime:0.025356s ]
INFO: [ view_parse ] --END-- [ RunTime:0.025539s ]
INFO: [ view_filter ] --START--
INFO: Run Behavior\WriteHtmlCacheBehavior [ RunTime:0.002746s ]
INFO: [ view_filter ] --END-- [ RunTime:0.002891s ]
INFO: [ app_end ] --START--
INFO: Run Behavior\ShowPageTraceBehavior [ RunTime:0.003217s ]
INFO: [ app_end ] --END-- [ RunTime:0.003370s ]

