[ 2015-10-23T21:11:31+08:00 ] 127.0.0.1 /sex.html
INFO: [ app_init ] --START--
INFO: Run Behavior\BuildLiteBehavior [ RunTime:0.001000s ]
INFO: [ app_init ] --END-- [ RunTime:0.105006s ]
INFO: [ app_begin ] --START--
INFO: Run Behavior\ReadHtmlCacheBehavior [ RunTime:0.035002s ]
INFO: [ app_begin ] --END-- [ RunTime:0.036002s ]
SQL: SHOW COLUMNS FROM `vote_user` [ RunTime:0.7060s ]
SQL: SHOW COLUMNS FROM `vote_user` [ RunTime:0.0130s ]
SQL: SELECT * FROM `vote_user` ORDER BY sex asc LIMIT 0,10   [ RunTime:0.1640s ]
INFO: [ view_parse ] --START--
INFO: [ template_filter ] --START--
INFO: Run Behavior\ContentReplaceBehavior [ RunTime:0.001000s ]
INFO: [ template_filter ] --END-- [ RunTime:0.001000s ]
INFO: Run Behavior\ParseTemplateBehavior [ RunTime:0.202012s ]
INFO: [ view_parse ] --END-- [ RunTime:0.204012s ]
INFO: [ view_filter ] --START--
INFO: Run Behavior\WriteHtmlCacheBehavior [ RunTime:0.026002s ]
INFO: [ view_filter ] --END-- [ RunTime:0.026002s ]
INFO: [ app_end ] --START--
INFO: Run Behavior\ShowPageTraceBehavior [ RunTime:0.017001s ]
INFO: [ app_end ] --END-- [ RunTime:0.017001s ]

